<?xml version="1.0" encoding="UTF-8"?>
<testsuite name="com.simonis.helloworld.HelloWorldGradleApplicationTests" tests="1" skipped="0" failures="0" errors="0" timestamp="2019-01-25T13:41:26" hostname="auenland" time="0.302">
  <properties/>
  <testcase name="contextLoads" classname="com.simonis.helloworld.HelloWorldGradleApplicationTests" time="0.302"/>
  <system-out><![CDATA[14:41:21.662 [Test worker] DEBUG org.springframework.test.context.junit4.SpringJUnit4ClassRunner - SpringJUnit4ClassRunner constructor called with [class com.simonis.helloworld.HelloWorldGradleApplicationTests]
14:41:21.692 [Test worker] DEBUG org.springframework.test.context.BootstrapUtils - Instantiating CacheAwareContextLoaderDelegate from class [org.springframework.test.context.cache.DefaultCacheAwareContextLoaderDelegate]
14:41:21.712 [Test worker] DEBUG org.springframework.test.context.BootstrapUtils - Instantiating BootstrapContext using constructor [public org.springframework.test.context.support.DefaultBootstrapContext(java.lang.Class,org.springframework.test.context.CacheAwareContextLoaderDelegate)]
14:41:21.734 [Test worker] DEBUG org.springframework.test.context.BootstrapUtils - Instantiating TestContextBootstrapper for test class [com.simonis.helloworld.HelloWorldGradleApplicationTests] from class [org.springframework.boot.test.context.SpringBootTestContextBootstrapper]
14:41:21.756 [Test worker] INFO org.springframework.boot.test.context.SpringBootTestContextBootstrapper - Neither @ContextConfiguration nor @ContextHierarchy found for test class [com.simonis.helloworld.HelloWorldGradleApplicationTests], using SpringBootContextLoader
14:41:21.769 [Test worker] DEBUG org.springframework.test.context.support.AbstractContextLoader - Did not detect default resource location for test class [com.simonis.helloworld.HelloWorldGradleApplicationTests]: class path resource [com/simonis/helloworld/HelloWorldGradleApplicationTests-context.xml] does not exist
14:41:21.775 [Test worker] DEBUG org.springframework.test.context.support.AbstractContextLoader - Did not detect default resource location for test class [com.simonis.helloworld.HelloWorldGradleApplicationTests]: class path resource [com/simonis/helloworld/HelloWorldGradleApplicationTestsContext.groovy] does not exist
14:41:21.777 [Test worker] INFO org.springframework.test.context.support.AbstractContextLoader - Could not detect default resource locations for test class [com.simonis.helloworld.HelloWorldGradleApplicationTests]: no resource found for suffixes {-context.xml, Context.groovy}.
14:41:21.779 [Test worker] INFO org.springframework.test.context.support.AnnotationConfigContextLoaderUtils - Could not detect default configuration classes for test class [com.simonis.helloworld.HelloWorldGradleApplicationTests]: HelloWorldGradleApplicationTests does not declare any static, non-private, non-final, nested classes annotated with @Configuration.
14:41:21.917 [Test worker] DEBUG org.springframework.test.context.support.ActiveProfilesUtils - Could not find an 'annotation declaring class' for annotation type [org.springframework.test.context.ActiveProfiles] and class [com.simonis.helloworld.HelloWorldGradleApplicationTests]
14:41:22.037 [Test worker] DEBUG org.springframework.context.annotation.ClassPathScanningCandidateComponentProvider - Identified candidate component class: file [C:\Users\lara\eclipse-workspace_spring\HelloWorldGradle\build\classes\java\main\com\simonis\helloworld\HelloWorldGradleApplication.class]
14:41:22.038 [Test worker] INFO org.springframework.boot.test.context.SpringBootTestContextBootstrapper - Found @SpringBootConfiguration com.simonis.helloworld.HelloWorldGradleApplication for test class com.simonis.helloworld.HelloWorldGradleApplicationTests
14:41:22.197 [Test worker] DEBUG org.springframework.boot.test.context.SpringBootTestContextBootstrapper - @TestExecutionListeners is not present for class [com.simonis.helloworld.HelloWorldGradleApplicationTests]: using defaults.
14:41:22.199 [Test worker] INFO org.springframework.boot.test.context.SpringBootTestContextBootstrapper - Loaded default TestExecutionListener class names from location [META-INF/spring.factories]: [org.springframework.boot.test.autoconfigure.restdocs.RestDocsTestExecutionListener, org.springframework.boot.test.autoconfigure.web.client.MockRestServiceServerResetTestExecutionListener, org.springframework.boot.test.autoconfigure.web.servlet.MockMvcPrintOnlyOnFailureTestExecutionListener, org.springframework.boot.test.autoconfigure.web.servlet.WebDriverTestExecutionListener, org.springframework.boot.test.mock.mockito.MockitoTestExecutionListener, org.springframework.boot.test.mock.mockito.ResetMocksTestExecutionListener, org.springframework.test.context.web.ServletTestExecutionListener, org.springframework.test.context.support.DirtiesContextBeforeModesTestExecutionListener, org.springframework.test.context.support.DependencyInjectionTestExecutionListener, org.springframework.test.context.support.DirtiesContextTestExecutionListener, org.springframework.test.context.transaction.TransactionalTestExecutionListener, org.springframework.test.context.jdbc.SqlScriptsTestExecutionListener]
14:41:22.218 [Test worker] DEBUG org.springframework.boot.test.context.SpringBootTestContextBootstrapper - Skipping candidate TestExecutionListener [org.springframework.test.context.transaction.TransactionalTestExecutionListener] due to a missing dependency. Specify custom listener classes or make the default listener classes and their required dependencies available. Offending class: [org/springframework/transaction/interceptor/TransactionAttributeSource]
14:41:22.219 [Test worker] DEBUG org.springframework.boot.test.context.SpringBootTestContextBootstrapper - Skipping candidate TestExecutionListener [org.springframework.test.context.jdbc.SqlScriptsTestExecutionListener] due to a missing dependency. Specify custom listener classes or make the default listener classes and their required dependencies available. Offending class: [org/springframework/transaction/interceptor/TransactionAttribute]
14:41:22.220 [Test worker] INFO org.springframework.boot.test.context.SpringBootTestContextBootstrapper - Using TestExecutionListeners: [org.springframework.test.context.web.ServletTestExecutionListener@62b38d1e, org.springframework.test.context.support.DirtiesContextBeforeModesTestExecutionListener@3c76afec, org.springframework.boot.test.mock.mockito.MockitoTestExecutionListener@7177b02a, org.springframework.boot.test.autoconfigure.SpringBootDependencyInjectionTestExecutionListener@55b19856, org.springframework.test.context.support.DirtiesContextTestExecutionListener@2b143483, org.springframework.boot.test.autoconfigure.restdocs.RestDocsTestExecutionListener@2214f7c2, org.springframework.boot.test.autoconfigure.web.client.MockRestServiceServerResetTestExecutionListener@6eaee54a, org.springframework.boot.test.autoconfigure.web.servlet.MockMvcPrintOnlyOnFailureTestExecutionListener@3704b3e1, org.springframework.boot.test.autoconfigure.web.servlet.WebDriverTestExecutionListener@3d3e39ae, org.springframework.boot.test.mock.mockito.ResetMocksTestExecutionListener@3811732c]
14:41:22.224 [Test worker] DEBUG org.springframework.test.annotation.ProfileValueUtils - Retrieved @ProfileValueSourceConfiguration [null] for test class [com.simonis.helloworld.HelloWorldGradleApplicationTests]
14:41:22.225 [Test worker] DEBUG org.springframework.test.annotation.ProfileValueUtils - Retrieved ProfileValueSource type [class org.springframework.test.annotation.SystemProfileValueSource] for class [com.simonis.helloworld.HelloWorldGradleApplicationTests]
14:41:22.226 [Test worker] DEBUG org.springframework.test.annotation.ProfileValueUtils - Retrieved @ProfileValueSourceConfiguration [null] for test class [com.simonis.helloworld.HelloWorldGradleApplicationTests]
14:41:22.227 [Test worker] DEBUG org.springframework.test.annotation.ProfileValueUtils - Retrieved ProfileValueSource type [class org.springframework.test.annotation.SystemProfileValueSource] for class [com.simonis.helloworld.HelloWorldGradleApplicationTests]
14:41:22.232 [Test worker] DEBUG org.springframework.test.context.support.AbstractDirtiesContextTestExecutionListener - Before test class: context [DefaultTestContext@29caac6a testClass = HelloWorldGradleApplicationTests, testInstance = [null], testMethod = [null], testException = [null], mergedContextConfiguration = [WebMergedContextConfiguration@76d635d7 testClass = HelloWorldGradleApplicationTests, locations = '{}', classes = '{class com.simonis.helloworld.HelloWorldGradleApplication}', contextInitializerClasses = '[]', activeProfiles = '{}', propertySourceLocations = '{}', propertySourceProperties = '{org.springframework.boot.test.context.SpringBootTestContextBootstrapper=true}', contextCustomizers = set[org.springframework.boot.test.autoconfigure.properties.PropertyMappingContextCustomizer@0, org.springframework.boot.test.autoconfigure.web.servlet.WebDriverContextCustomizerFactory$Customizer@7d8da66a, org.springframework.boot.test.context.filter.ExcludeFilterContextCustomizer@3a7ea1ca, org.springframework.boot.test.json.DuplicateJsonObjectContextCustomizerFactory$DuplicateJsonObjectContextCustomizer@4a85bd17, org.springframework.boot.test.mock.mockito.MockitoContextCustomizer@0, org.springframework.boot.test.web.client.TestRestTemplateContextCustomizer@a03973e], resourceBasePath = 'src/main/webapp', contextLoader = 'org.springframework.boot.test.context.SpringBootContextLoader', parent = [null]], attributes = map['org.springframework.test.context.web.ServletTestExecutionListener.activateListener' -> true]], class annotated with @DirtiesContext [false] with mode [null].
14:41:22.233 [Test worker] DEBUG org.springframework.test.annotation.ProfileValueUtils - Retrieved @ProfileValueSourceConfiguration [null] for test class [com.simonis.helloworld.HelloWorldGradleApplicationTests]
14:41:22.233 [Test worker] DEBUG org.springframework.test.annotation.ProfileValueUtils - Retrieved ProfileValueSource type [class org.springframework.test.annotation.SystemProfileValueSource] for class [com.simonis.helloworld.HelloWorldGradleApplicationTests]
14:41:22.258 [Test worker] DEBUG org.springframework.test.context.support.TestPropertySourceUtils - Adding inlined properties to environment: {spring.jmx.enabled=false, org.springframework.boot.test.context.SpringBootTestContextBootstrapper=true, server.port=-1}

  .   ____          _            __ _ _
 /\\ / ___'_ __ _ _(_)_ __  __ _ \ \ \ \
( ( )\___ | '_ | '_| | '_ \/ _` | \ \ \ \
 \\/  ___)| |_)| | | | | || (_| |  ) ) ) )
  '  |____| .__|_| |_|_| |_\__, | / / / /
 =========|_|==============|___/=/_/_/_/
 :: Spring Boot ::        (v2.1.2.RELEASE)

2019-01-25 14:41:22.675  INFO 4808 --- [    Test worker] c.s.h.HelloWorldGradleApplicationTests   : Starting HelloWorldGradleApplicationTests on auenland with PID 4808 (started by lara in C:\Users\lara\eclipse-workspace_spring\HelloWorldGradle)
2019-01-25 14:41:22.677  INFO 4808 --- [    Test worker] c.s.h.HelloWorldGradleApplicationTests   : No active profile set, falling back to default profiles: default
2019-01-25 14:41:25.384  INFO 4808 --- [    Test worker] o.s.s.concurrent.ThreadPoolTaskExecutor  : Initializing ExecutorService 'applicationTaskExecutor'
2019-01-25 14:41:26.073  INFO 4808 --- [    Test worker] c.s.h.HelloWorldGradleApplicationTests   : Started HelloWorldGradleApplicationTests in 3.805 seconds (JVM running for 5.253)
]]></system-out>
  <system-err><![CDATA[]]></system-err>
</testsuite>
